**** Incremental Build [Wed, 21 Aug 2019 10:53:14] ****
 Project: Task5_AE_v2
 Configuration: hifi3_bd5
 Build Target: Release
********************************

"C:\\usr\\xtensa\\XtDevTools\\install\\tools\\RI-2019.1-win32\\XtensaTools\\bin\\xt-xcc" -c -g -O3 -fmessage-length=0 -DPROC_hifi3_bd5 -DCONFIG_hifi3_bd5 --xtensa-system=C:/usr/xtensa/XtDevTools/install/builds/RI-2019.1-win32/hifi3_bd5/config --xtensa-core=hifi3_bd5 --xtensa-params= "\"C:/usr/xtensa/Xplorer-8.0.10-workspaces/workspace/Task5_AE_v2/main.c\"" -o "\"C:/usr/xtensa/Xplorer-8.0.10-workspaces/workspace/Task5_AE_v2/bin/hifi3_bd5/Release/main.o\"" 
Time taken: 1550 ms 

"C:\\usr\\xtensa\\XtDevTools\\install\\tools\\RI-2019.1-win32\\XtensaTools\\bin\\xt-xc++" -Wl,@C:/usr/xtensa/Xplorer-8.0.10-workspaces/workspace/Task5_AE_v2/bin/hifi3_bd5/Release/objfiles.list -o C:/usr/xtensa/Xplorer-8.0.10-workspaces/workspace/Task5_AE_v2/bin/hifi3_bd5/Release/Task5_AE_v2.minsize -mlsp=sim -Wl,-r -nostdlib --xtensa-system=C:/usr/xtensa/XtDevTools/install/builds/RI-2019.1-win32/hifi3_bd5/config --xtensa-core=hifi3_bd5 --xtensa-params= 
Time taken: 384 ms 

"C:\\usr\\xtensa\\XtDevTools\\install\\tools\\RI-2019.1-win32\\XtensaTools\\bin\\xt-xc++" -Wl,@C:/usr/xtensa/Xplorer-8.0.10-workspaces/workspace/Task5_AE_v2/bin/hifi3_bd5/Release/objfiles.list -o C:/usr/xtensa/Xplorer-8.0.10-workspaces/workspace/Task5_AE_v2/bin/hifi3_bd5/Release/Task5_AE_v2 -mlsp=sim --xtensa-system=C:/usr/xtensa/XtDevTools/install/builds/RI-2019.1-win32/hifi3_bd5/config --xtensa-core=hifi3_bd5 --xtensa-params= 
Time taken: 636 ms 

******* Code size summary *****

"C:\\usr\\xtensa\\XtDevTools\\install\\tools\\RI-2019.1-win32\\XtensaTools\\bin\\xt-size" -C C:/usr/xtensa/Xplorer-8.0.10-workspaces/workspace/Task5_AE_v2/bin/hifi3_bd5/Release/Task5_AE_v2 
TYPE   	   text	 rodata	   data	    bss	    dec    hex	filename
code   	  22425	      0	      0	      0	  22425	   5799	C:/usr/xtensa/Xplorer-8.0.10-workspaces/workspace/Task5_AE_v2/bin/hifi3_bd5/Release/Task5_AE_v2
literal	    644	      0	      0	      0	    644	    284	C:/usr/xtensa/Xplorer-8.0.10-workspaces/workspace/Task5_AE_v2/bin/hifi3_bd5/Release/Task5_AE_v2
other  	    891	   1920	    892	   1128	   4831	   12df	C:/usr/xtensa/Xplorer-8.0.10-workspaces/workspace/Task5_AE_v2/bin/hifi3_bd5/Release/Task5_AE_v2
Total  	  23960	   1920	    892	   1128	  27900	   6cfc	C:/usr/xtensa/Xplorer-8.0.10-workspaces/workspace/Task5_AE_v2/bin/hifi3_bd5/Release/Task5_AE_v2

Time taken: 304 ms 

******* ************** *****

Build successful !!
Total time taken: 3.037 secs
**** Build Finished [Wed, 21 Aug 2019 10:53:18] ****
