**** Incremental Build [Tue, 16 Jul 2019 16:26:28] ****
 Project: Task5_AE_v2
 Configuration: hifi3_bd5
 Build Target: Debug
********************************

"C:\\usr\\xtensa\\XtDevTools\\install\\tools\\RI-2019.1-win32\\XtensaTools\\bin\\xt-xcc" -c -g -O0 -fmessage-length=0 -DPROC_hifi3_bd5 -DCONFIG_hifi3_bd5 --xtensa-system=C:/usr/xtensa/XtDevTools/install/builds/RI-2019.1-win32/hifi3_bd5/config --xtensa-core=hifi3_bd5 --xtensa-params= "\"C:/usr/xtensa/Xplorer-8.0.10-workspaces/workspace/Task5_AE_v2/main.c\"" -o "\"C:/usr/xtensa/Xplorer-8.0.10-workspaces/workspace/Task5_AE_v2/bin/hifi3_bd5/Debug/main.o\"" 
Time taken: 1798 ms 

"C:\\usr\\xtensa\\XtDevTools\\install\\tools\\RI-2019.1-win32\\XtensaTools\\bin\\xt-xc++" -Wl,@C:/usr/xtensa/Xplorer-8.0.10-workspaces/workspace/Task5_AE_v2/bin/hifi3_bd5/Debug/objfiles.list -o C:/usr/xtensa/Xplorer-8.0.10-workspaces/workspace/Task5_AE_v2/bin/hifi3_bd5/Debug/Task5_AE_v2.minsize -mlsp=sim -Wl,-r -nostdlib --xtensa-system=C:/usr/xtensa/XtDevTools/install/builds/RI-2019.1-win32/hifi3_bd5/config --xtensa-core=hifi3_bd5 --xtensa-params= 
Time taken: 497 ms 

"C:\\usr\\xtensa\\XtDevTools\\install\\tools\\RI-2019.1-win32\\XtensaTools\\bin\\xt-xc++" -Wl,@C:/usr/xtensa/Xplorer-8.0.10-workspaces/workspace/Task5_AE_v2/bin/hifi3_bd5/Debug/objfiles.list -o C:/usr/xtensa/Xplorer-8.0.10-workspaces/workspace/Task5_AE_v2/bin/hifi3_bd5/Debug/Task5_AE_v2 -mlsp=sim --xtensa-system=C:/usr/xtensa/XtDevTools/install/builds/RI-2019.1-win32/hifi3_bd5/config --xtensa-core=hifi3_bd5 --xtensa-params= 
Time taken: 705 ms 

******* Code size summary *****

"C:\\usr\\xtensa\\XtDevTools\\install\\tools\\RI-2019.1-win32\\XtensaTools\\bin\\xt-size" -C C:/usr/xtensa/Xplorer-8.0.10-workspaces/workspace/Task5_AE_v2/bin/hifi3_bd5/Debug/Task5_AE_v2 
TYPE   	   text	 rodata	   data	    bss	    dec    hex	filename
code   	  26935	      0	      0	      0	  26935	   6937	C:/usr/xtensa/Xplorer-8.0.10-workspaces/workspace/Task5_AE_v2/bin/hifi3_bd5/Debug/Task5_AE_v2
literal	    768	      0	      0	      0	    768	    300	C:/usr/xtensa/Xplorer-8.0.10-workspaces/workspace/Task5_AE_v2/bin/hifi3_bd5/Debug/Task5_AE_v2
other  	    929	   1992	    904	   1144	   4969	   1369	C:/usr/xtensa/Xplorer-8.0.10-workspaces/workspace/Task5_AE_v2/bin/hifi3_bd5/Debug/Task5_AE_v2
Total  	  28632	   1992	    904	   1144	  32672	   7fa0	C:/usr/xtensa/Xplorer-8.0.10-workspaces/workspace/Task5_AE_v2/bin/hifi3_bd5/Debug/Task5_AE_v2

Time taken: 304 ms 

******* ************** *****

Build successful !!
Total time taken: 3.451 secs
**** Build Finished [Tue, 16 Jul 2019 16:26:32] ****
